# JRE version: Java(TM) SE Runtime Environment (18.0.1.1+2) (build 18.0.1.1+2-6)
# Java VM: Java HotSpot(TM) 64-Bit Server VM (18.0.1.1+2-6, mixed mode, sharing, tiered, compressed oops, compressed class ptrs, g1 gc, windows-amd64)
GC Precious Log:
 CardTable entry size: 512
 Card Set container configuration: InlinePtr #cards 4 size 8 Array Of Cards #cards 16 size 48 Howl #buckets 8 coarsen threshold 3686 Howl Bitmap #cards 512 size 80 coarsen threshold 460 Card regions per heap region 1 cards per card region 4096
 CPUs: 8 total, 8 available
 Memory: 16118M
 Large Page Support: Disabled
 NUMA Support: Disabled
 Compressed Oops: Enabled (Zero based)
 Heap Region Size: 2M
 Heap Min Capacity: 8M
 Heap Initial Capacity: 252M
 Heap Max Capacity: 4030M
 Pre-touch: Disabled
 Parallel Workers: 8
 Concurrent Workers: 2
 Concurrent Refinement Workers: 8
 Periodic GC: Disabled
Heap:
 garbage-first heap   total 81920K, used 35457K [0x0000000704200000, 0x0000000800000000)
  region size 2048K, 7 young (14336K), 3 survivors (6144K)
 Metaspace       used 54208K, committed 54848K, reserved 1114112K
  class space    used 6773K, committed 7104K, reserved 1048576K
GC Heap History (20 events):
Event: 1.711 GC heap before
{Heap before GC invocations=1 (full 0):
 garbage-first heap   total 258048K, used 32704K [0x0000000704200000, 0x0000000800000000)
  region size 2048K, 15 young (30720K), 2 survivors (4096K)
 Metaspace       used 11913K, committed 12160K, reserved 1114112K
  class space    used 1407K, committed 1536K, reserved 1048576K
}
Event: 1.718 GC heap after
{Heap after GC invocations=2 (full 0):
 garbage-first heap   total 258048K, used 8712K [0x0000000704200000, 0x0000000800000000)
  region size 2048K, 2 young (4096K), 2 survivors (4096K)
 Metaspace       used 11913K, committed 12160K, reserved 1114112K
  class space    used 1407K, committed 1536K, reserved 1048576K
}
Event: 3.127 GC heap before
{Heap before GC invocations=2 (full 0):
 garbage-first heap   total 258048K, used 59912K [0x0000000704200000, 0x0000000800000000)
  region size 2048K, 29 young (59392K), 2 survivors (4096K)
 Metaspace       used 21258K, committed 21504K, reserved 1114112K
  class space    used 2542K, committed 2688K, reserved 1048576K
}
Event: 3.134 GC heap after
{Heap after GC invocations=3 (full 0):
 garbage-first heap   total 258048K, used 13220K [0x0000000704200000, 0x0000000800000000)
  region size 2048K, 4 young (8192K), 4 survivors (8192K)
 Metaspace       used 21258K, committed 21504K, reserved 1114112K
  class space    used 2542K, committed 2688K, reserved 1048576K
}
Event: 3.865 GC heap before
{Heap before GC invocations=4 (full 0):
 garbage-first heap   total 61440K, used 41892K [0x0000000704200000, 0x0000000800000000)
  region size 2048K, 18 young (36864K), 4 survivors (8192K)
 Metaspace       used 25784K, committed 26240K, reserved 1114112K
  class space    used 3243K, committed 3456K, reserved 1048576K
}
Event: 3.874 GC heap after
{Heap after GC invocations=5 (full 0):
 garbage-first heap   total 61440K, used 15764K [0x0000000704200000, 0x0000000800000000)
  region size 2048K, 2 young (4096K), 2 survivors (4096K)
 Metaspace       used 25784K, committed 26240K, reserved 1114112K
  class space    used 3243K, committed 3456K, reserved 1048576K
}
Event: 4.000 GC heap before
{Heap before GC invocations=5 (full 0):
 garbage-first heap   total 61440K, used 17812K [0x0000000704200000, 0x0000000800000000)
  region size 2048K, 3 young (6144K), 2 survivors (4096K)
 Metaspace       used 26326K, committed 26816K, reserved 1114112K
  class space    used 3304K, committed 3520K, reserved 1048576K
}
Event: 4.003 GC heap after
{Heap after GC invocations=6 (full 0):
 garbage-first heap   total 61440K, used 16121K [0x0000000704200000, 0x0000000800000000)
  region size 2048K, 1 young (2048K), 1 survivors (2048K)
 Metaspace       used 26326K, committed 26816K, reserved 1114112K
  class space    used 3304K, committed 3520K, reserved 1048576K
}
Event: 4.675 GC heap before
{Heap before GC invocations=6 (full 0):
 garbage-first heap   total 61440K, used 40697K [0x0000000704200000, 0x0000000800000000)
  region size 2048K, 13 young (26624K), 1 survivors (2048K)
 Metaspace       used 31264K, committed 31808K, reserved 1114112K
  class space    used 3857K, committed 4096K, reserved 1048576K
}
Event: 4.679 GC heap after
{Heap after GC invocations=7 (full 0):
 garbage-first heap   total 159744K, used 17699K [0x0000000704200000, 0x0000000800000000)
  region size 2048K, 2 young (4096K), 2 survivors (4096K)
 Metaspace       used 31264K, committed 31808K, reserved 1114112K
  class space    used 3857K, committed 4096K, reserved 1048576K
}
Event: 5.137 GC heap before
{Heap before GC invocations=7 (full 0):
 garbage-first heap   total 159744K, used 38179K [0x0000000704200000, 0x0000000800000000)
  region size 2048K, 14 young (28672K), 2 survivors (4096K)
 Metaspace       used 35655K, committed 36096K, reserved 1114112K
  class space    used 4386K, committed 4608K, reserved 1048576K
}
Event: 5.143 GC heap after
{Heap after GC invocations=8 (full 0):
 garbage-first heap   total 159744K, used 21128K [0x0000000704200000, 0x0000000800000000)
  region size 2048K, 3 young (6144K), 3 survivors (6144K)
 Metaspace       used 35655K, committed 36096K, reserved 1114112K
  class space    used 4386K, committed 4608K, reserved 1048576K
}
Event: 6.191 GC heap before
{Heap before GC invocations=9 (full 0):
 garbage-first heap   total 81920K, used 64136K [0x0000000704200000, 0x0000000800000000)
  region size 2048K, 24 young (49152K), 3 survivors (6144K)
 Metaspace       used 44415K, committed 44928K, reserved 1114112K
  class space    used 5464K, committed 5696K, reserved 1048576K
}
Event: 6.200 GC heap after
{Heap after GC invocations=10 (full 0):
 garbage-first heap   total 81920K, used 24728K [0x0000000704200000, 0x0000000800000000)
  region size 2048K, 2 young (4096K), 2 survivors (4096K)
 Metaspace       used 44415K, committed 44928K, reserved 1114112K
  class space    used 5464K, committed 5696K, reserved 1048576K
}
Event: 6.253 GC heap before
{Heap before GC invocations=10 (full 0):
 garbage-first heap   total 81920K, used 26776K [0x0000000704200000, 0x0000000800000000)
  region size 2048K, 3 young (6144K), 2 survivors (4096K)
 Metaspace       used 44536K, committed 45056K, reserved 1114112K
  class space    used 5473K, committed 5696K, reserved 1048576K
}
Event: 6.257 GC heap after
{Heap after GC invocations=11 (full 0):
 garbage-first heap   total 81920K, used 24837K [0x0000000704200000, 0x0000000800000000)
  region size 2048K, 1 young (2048K), 1 survivors (2048K)
 Metaspace       used 44536K, committed 45056K, reserved 1114112K
  class space    used 5473K, committed 5696K, reserved 1048576K
}
Event: 7.119 GC heap before
{Heap before GC invocations=11 (full 0):
 garbage-first heap   total 81920K, used 57605K [0x0000000704200000, 0x0000000800000000)
  region size 2048K, 18 young (36864K), 1 survivors (2048K)
 Metaspace       used 49513K, committed 50112K, reserved 1114112K
  class space    used 6142K, committed 6464K, reserved 1048576K
}
Event: 7.124 GC heap after
{Heap after GC invocations=12 (full 0):
 garbage-first heap   total 81920K, used 27378K [0x0000000704200000, 0x0000000800000000)
  region size 2048K, 2 young (4096K), 2 survivors (4096K)
 Metaspace       used 49513K, committed 50112K, reserved 1114112K
  class space    used 6142K, committed 6464K, reserved 1048576K
}
Event: 7.908 GC heap before
{Heap before GC invocations=12 (full 0):
 garbage-first heap   total 81920K, used 60146K [0x0000000704200000, 0x0000000800000000)
  region size 2048K, 18 young (36864K), 2 survivors (4096K)
 Metaspace       used 53705K, committed 54272K, reserved 1114112K
  class space    used 6718K, committed 6976K, reserved 1048576K
}
Event: 7.914 GC heap after
{Heap after GC invocations=13 (full 0):
 garbage-first heap   total 81920K, used 29313K [0x0000000704200000, 0x0000000800000000)
  region size 2048K, 3 young (6144K), 3 survivors (6144K)
 Metaspace       used 53705K, committed 54272K, reserved 1114112K
  class space    used 6718K, committed 6976K, reserved 1048576K
}

