# JRE version: Java(TM) SE Runtime Environment (18.0.1.1+2) (build 18.0.1.1+2-6)
# Java VM: Java HotSpot(TM) 64-Bit Server VM (18.0.1.1+2-6, mixed mode, sharing, tiered, compressed oops, compressed class ptrs, g1 gc, windows-amd64)
GC Precious Log:
 CardTable entry size: 512
 Card Set container configuration: InlinePtr #cards 4 size 8 Array Of Cards #cards 16 size 48 Howl #buckets 8 coarsen threshold 3686 Howl Bitmap #cards 512 size 80 coarsen threshold 460 Card regions per heap region 1 cards per card region 4096
 CPUs: 8 total, 8 available
 Memory: 16118M
 Large Page Support: Disabled
 NUMA Support: Disabled
 Compressed Oops: Enabled (Zero based)
 Heap Region Size: 2M
 Heap Min Capacity: 8M
 Heap Initial Capacity: 252M
 Heap Max Capacity: 4030M
 Pre-touch: Disabled
 Parallel Workers: 8
 Concurrent Workers: 2
 Concurrent Refinement Workers: 8
 Periodic GC: Disabled
Heap:
 garbage-first heap   total 110592K, used 49100K [0x0000000704200000, 0x0000000800000000)
  region size 2048K, 11 young (22528K), 1 survivors (2048K)
 Metaspace       used 60909K, committed 61632K, reserved 1114112K
  class space    used 7608K, committed 8000K, reserved 1048576K
GC Heap History (20 events):
Event: 4.669 GC heap before
{Heap before GC invocations=2 (full 0):
 garbage-first heap   total 258048K, used 60057K [0x0000000704200000, 0x0000000800000000)
  region size 2048K, 29 young (59392K), 2 survivors (4096K)
 Metaspace       used 21228K, committed 21504K, reserved 1114112K
  class space    used 2532K, committed 2688K, reserved 1048576K
}
Event: 4.677 GC heap after
{Heap after GC invocations=3 (full 0):
 garbage-first heap   total 258048K, used 13216K [0x0000000704200000, 0x0000000800000000)
  region size 2048K, 4 young (8192K), 4 survivors (8192K)
 Metaspace       used 21228K, committed 21504K, reserved 1114112K
  class space    used 2532K, committed 2688K, reserved 1048576K
}
Event: 6.467 GC heap before
{Heap before GC invocations=4 (full 0):
 garbage-first heap   total 61440K, used 41888K [0x0000000704200000, 0x0000000800000000)
  region size 2048K, 18 young (36864K), 4 survivors (8192K)
 Metaspace       used 26309K, committed 26752K, reserved 1114112K
  class space    used 3270K, committed 3456K, reserved 1048576K
}
Event: 6.477 GC heap after
{Heap after GC invocations=5 (full 0):
 garbage-first heap   total 61440K, used 15892K [0x0000000704200000, 0x0000000800000000)
  region size 2048K, 2 young (4096K), 2 survivors (4096K)
 Metaspace       used 26309K, committed 26752K, reserved 1114112K
  class space    used 3270K, committed 3456K, reserved 1048576K
}
Event: 6.544 GC heap before
{Heap before GC invocations=5 (full 0):
 garbage-first heap   total 61440K, used 17940K [0x0000000704200000, 0x0000000800000000)
  region size 2048K, 3 young (6144K), 2 survivors (4096K)
 Metaspace       used 26920K, committed 27456K, reserved 1114112K
  class space    used 3325K, committed 3584K, reserved 1048576K
}
Event: 6.548 GC heap after
{Heap after GC invocations=6 (full 0):
 garbage-first heap   total 61440K, used 16475K [0x0000000704200000, 0x0000000800000000)
  region size 2048K, 1 young (2048K), 1 survivors (2048K)
 Metaspace       used 26920K, committed 27456K, reserved 1114112K
  class space    used 3325K, committed 3584K, reserved 1048576K
}
Event: 7.205 GC heap before
{Heap before GC invocations=6 (full 0):
 garbage-first heap   total 61440K, used 39003K [0x0000000704200000, 0x0000000800000000)
  region size 2048K, 13 young (26624K), 1 survivors (2048K)
 Metaspace       used 32262K, committed 32832K, reserved 1114112K
  class space    used 3954K, committed 4224K, reserved 1048576K
}
Event: 7.208 GC heap after
{Heap after GC invocations=7 (full 0):
 garbage-first heap   total 61440K, used 18113K [0x0000000704200000, 0x0000000800000000)
  region size 2048K, 2 young (4096K), 2 survivors (4096K)
 Metaspace       used 32262K, committed 32832K, reserved 1114112K
  class space    used 3954K, committed 4224K, reserved 1048576K
}
Event: 7.518 GC heap before
{Heap before GC invocations=7 (full 0):
 garbage-first heap   total 61440K, used 34497K [0x0000000704200000, 0x0000000800000000)
  region size 2048K, 11 young (22528K), 2 survivors (4096K)
 Metaspace       used 35570K, committed 36096K, reserved 1114112K
  class space    used 4334K, committed 4608K, reserved 1048576K
}
Event: 7.522 GC heap after
{Heap after GC invocations=8 (full 0):
 garbage-first heap   total 61440K, used 20653K [0x0000000704200000, 0x0000000800000000)
  region size 2048K, 2 young (4096K), 2 survivors (4096K)
 Metaspace       used 35570K, committed 36096K, reserved 1114112K
  class space    used 4334K, committed 4608K, reserved 1048576K
}
Event: 7.982 GC heap before
{Heap before GC invocations=9 (full 0):
 garbage-first heap   total 61440K, used 43181K [0x0000000704200000, 0x0000000800000000)
  region size 2048K, 13 young (26624K), 2 survivors (4096K)
 Metaspace       used 40537K, committed 41088K, reserved 1114112K
  class space    used 4852K, committed 5120K, reserved 1048576K
}
Event: 7.988 GC heap after
{Heap after GC invocations=10 (full 0):
 garbage-first heap   total 61440K, used 22395K [0x0000000704200000, 0x0000000800000000)
  region size 2048K, 2 young (4096K), 2 survivors (4096K)
 Metaspace       used 40537K, committed 41088K, reserved 1114112K
  class space    used 4852K, committed 5120K, reserved 1048576K
}
Event: 8.034 GC heap before
{Heap before GC invocations=10 (full 0):
 garbage-first heap   total 61440K, used 24443K [0x0000000704200000, 0x0000000800000000)
  region size 2048K, 3 young (6144K), 2 survivors (4096K)
 Metaspace       used 41163K, committed 41664K, reserved 1114112K
  class space    used 4932K, committed 5184K, reserved 1048576K
}
Event: 8.038 GC heap after
{Heap after GC invocations=11 (full 0):
 garbage-first heap   total 61440K, used 22189K [0x0000000704200000, 0x0000000800000000)
  region size 2048K, 1 young (2048K), 1 survivors (2048K)
 Metaspace       used 41163K, committed 41664K, reserved 1114112K
  class space    used 4932K, committed 5184K, reserved 1048576K
}
Event: 8.872 GC heap before
{Heap before GC invocations=11 (full 0):
 garbage-first heap   total 61440K, used 40621K [0x0000000704200000, 0x0000000800000000)
  region size 2048K, 11 young (22528K), 1 survivors (2048K)
 Metaspace       used 46900K, committed 47488K, reserved 1114112K
  class space    used 5724K, committed 6016K, reserved 1048576K
}
Event: 8.876 GC heap after
{Heap after GC invocations=12 (full 0):
 garbage-first heap   total 159744K, used 24095K [0x0000000704200000, 0x0000000800000000)
  region size 2048K, 2 young (4096K), 2 survivors (4096K)
 Metaspace       used 46900K, committed 47488K, reserved 1114112K
  class space    used 5724K, committed 6016K, reserved 1048576K
}
Event: 26.739 GC heap before
{Heap before GC invocations=12 (full 0):
 garbage-first heap   total 159744K, used 101919K [0x0000000704200000, 0x0000000800000000)
  region size 2048K, 41 young (83968K), 2 survivors (4096K)
 Metaspace       used 59729K, committed 60416K, reserved 1114112K
  class space    used 7518K, committed 7872K, reserved 1048576K
}
Event: 26.754 GC heap after
{Heap after GC invocations=13 (full 0):
 garbage-first heap   total 159744K, used 29900K [0x0000000704200000, 0x0000000800000000)
  region size 2048K, 4 young (8192K), 4 survivors (8192K)
 Metaspace       used 59729K, committed 60416K, reserved 1114112K
  class space    used 7518K, committed 7872K, reserved 1048576K
}
Event: 683.983 GC heap before
{Heap before GC invocations=14 (full 0):
 garbage-first heap   total 110592K, used 87244K [0x0000000704200000, 0x0000000800000000)
  region size 2048K, 32 young (65536K), 4 survivors (8192K)
 Metaspace       used 60787K, committed 61568K, reserved 1114112K
  class space    used 7608K, committed 8000K, reserved 1048576K
}
Event: 683.993 GC heap after
{Heap after GC invocations=15 (full 0):
 garbage-first heap   total 110592K, used 30668K [0x0000000704200000, 0x0000000800000000)
  region size 2048K, 1 young (2048K), 1 survivors (2048K)
 Metaspace       used 60787K, committed 61568K, reserved 1114112K
  class space    used 7608K, committed 8000K, reserved 1048576K
}

