# JRE version: Java(TM) SE Runtime Environment (18.0.1.1+2) (build 18.0.1.1+2-6)
# Java VM: Java HotSpot(TM) 64-Bit Server VM (18.0.1.1+2-6, mixed mode, sharing, tiered, compressed oops, compressed class ptrs, g1 gc, windows-amd64)
GC Precious Log:
 CardTable entry size: 512
 Card Set container configuration: InlinePtr #cards 4 size 8 Array Of Cards #cards 16 size 48 Howl #buckets 8 coarsen threshold 3686 Howl Bitmap #cards 512 size 80 coarsen threshold 460 Card regions per heap region 1 cards per card region 4096
 CPUs: 8 total, 8 available
 Memory: 16118M
 Large Page Support: Disabled
 NUMA Support: Disabled
 Compressed Oops: Enabled (Zero based)
 Heap Region Size: 2M
 Heap Min Capacity: 8M
 Heap Initial Capacity: 252M
 Heap Max Capacity: 4030M
 Pre-touch: Disabled
 Parallel Workers: 8
 Concurrent Workers: 2
 Concurrent Refinement Workers: 8
 Periodic GC: Disabled
Heap:
 garbage-first heap   total 81920K, used 43379K [0x0000000704200000, 0x0000000800000000)
  region size 2048K, 9 young (18432K), 2 survivors (4096K)
 Metaspace       used 61601K, committed 62272K, reserved 1114112K
  class space    used 7698K, committed 8000K, reserved 1048576K
GC Heap History (20 events):
Event: 4.647 GC heap before
{Heap before GC invocations=4 (full 0):
 garbage-first heap   total 61440K, used 42039K [0x0000000704200000, 0x0000000800000000)
  region size 2048K, 18 young (36864K), 4 survivors (8192K)
 Metaspace       used 25713K, committed 26240K, reserved 1114112K
  class space    used 3200K, committed 3456K, reserved 1048576K
}
Event: 4.657 GC heap after
{Heap after GC invocations=5 (full 0):
 garbage-first heap   total 61440K, used 16097K [0x0000000704200000, 0x0000000800000000)
  region size 2048K, 2 young (4096K), 2 survivors (4096K)
 Metaspace       used 25713K, committed 26240K, reserved 1114112K
  class space    used 3200K, committed 3456K, reserved 1048576K
}
Event: 4.798 GC heap before
{Heap before GC invocations=5 (full 0):
 garbage-first heap   total 61440K, used 18145K [0x0000000704200000, 0x0000000800000000)
  region size 2048K, 3 young (6144K), 2 survivors (4096K)
 Metaspace       used 26353K, committed 26752K, reserved 1114112K
  class space    used 3276K, committed 3456K, reserved 1048576K
}
Event: 4.801 GC heap after
{Heap after GC invocations=6 (full 0):
 garbage-first heap   total 61440K, used 16427K [0x0000000704200000, 0x0000000800000000)
  region size 2048K, 1 young (2048K), 1 survivors (2048K)
 Metaspace       used 26353K, committed 26752K, reserved 1114112K
  class space    used 3276K, committed 3456K, reserved 1048576K
}
Event: 5.393 GC heap before
{Heap before GC invocations=6 (full 0):
 garbage-first heap   total 61440K, used 38955K [0x0000000704200000, 0x0000000800000000)
  region size 2048K, 13 young (26624K), 1 survivors (2048K)
 Metaspace       used 31496K, committed 32000K, reserved 1114112K
  class space    used 3855K, committed 4096K, reserved 1048576K
}
Event: 5.396 GC heap after
{Heap after GC invocations=7 (full 0):
 garbage-first heap   total 159744K, used 18040K [0x0000000704200000, 0x0000000800000000)
  region size 2048K, 2 young (4096K), 2 survivors (4096K)
 Metaspace       used 31496K, committed 32000K, reserved 1114112K
  class space    used 3855K, committed 4096K, reserved 1048576K
}
Event: 5.795 GC heap before
{Heap before GC invocations=7 (full 0):
 garbage-first heap   total 159744K, used 40568K [0x0000000704200000, 0x0000000800000000)
  region size 2048K, 14 young (28672K), 2 survivors (4096K)
 Metaspace       used 35520K, committed 35968K, reserved 1114112K
  class space    used 4331K, committed 4544K, reserved 1048576K
}
Event: 5.802 GC heap after
{Heap after GC invocations=8 (full 0):
 garbage-first heap   total 159744K, used 21472K [0x0000000704200000, 0x0000000800000000)
  region size 2048K, 3 young (6144K), 3 survivors (6144K)
 Metaspace       used 35520K, committed 35968K, reserved 1114112K
  class space    used 4331K, committed 4544K, reserved 1048576K
}
Event: 6.812 GC heap before
{Heap before GC invocations=9 (full 0):
 garbage-first heap   total 81920K, used 62432K [0x0000000704200000, 0x0000000800000000)
  region size 2048K, 24 young (49152K), 3 survivors (6144K)
 Metaspace       used 46856K, committed 47424K, reserved 1114112K
  class space    used 5739K, committed 6016K, reserved 1048576K
}
Event: 6.822 GC heap after
{Heap after GC invocations=10 (full 0):
 garbage-first heap   total 81920K, used 25007K [0x0000000704200000, 0x0000000800000000)
  region size 2048K, 2 young (4096K), 2 survivors (4096K)
 Metaspace       used 46856K, committed 47424K, reserved 1114112K
  class space    used 5739K, committed 6016K, reserved 1048576K
}
Event: 6.880 GC heap before
{Heap before GC invocations=10 (full 0):
 garbage-first heap   total 81920K, used 27055K [0x0000000704200000, 0x0000000800000000)
  region size 2048K, 3 young (6144K), 2 survivors (4096K)
 Metaspace       used 47177K, committed 47744K, reserved 1114112K
  class space    used 5785K, committed 6080K, reserved 1048576K
}
Event: 6.885 GC heap after
{Heap after GC invocations=11 (full 0):
 garbage-first heap   total 81920K, used 24865K [0x0000000704200000, 0x0000000800000000)
  region size 2048K, 1 young (2048K), 1 survivors (2048K)
 Metaspace       used 47177K, committed 47744K, reserved 1114112K
  class space    used 5785K, committed 6080K, reserved 1048576K
}
Event: 7.794 GC heap before
{Heap before GC invocations=11 (full 0):
 garbage-first heap   total 81920K, used 57633K [0x0000000704200000, 0x0000000800000000)
  region size 2048K, 18 young (36864K), 1 survivors (2048K)
 Metaspace       used 52012K, committed 52608K, reserved 1114112K
  class space    used 6428K, committed 6720K, reserved 1048576K
}
Event: 7.799 GC heap after
{Heap after GC invocations=12 (full 0):
 garbage-first heap   total 81920K, used 27817K [0x0000000704200000, 0x0000000800000000)
  region size 2048K, 2 young (4096K), 2 survivors (4096K)
 Metaspace       used 52012K, committed 52608K, reserved 1114112K
  class space    used 6428K, committed 6720K, reserved 1048576K
}
Event: 40.520 GC heap before
{Heap before GC invocations=12 (full 0):
 garbage-first heap   total 81920K, used 60585K [0x0000000704200000, 0x0000000800000000)
  region size 2048K, 18 young (36864K), 2 survivors (4096K)
 Metaspace       used 57078K, committed 57792K, reserved 1114112K
  class space    used 7115K, committed 7424K, reserved 1048576K
}
Event: 40.525 GC heap after
{Heap after GC invocations=13 (full 0):
 garbage-first heap   total 81920K, used 29940K [0x0000000704200000, 0x0000000800000000)
  region size 2048K, 2 young (4096K), 2 survivors (4096K)
 Metaspace       used 57078K, committed 57792K, reserved 1114112K
  class space    used 7115K, committed 7424K, reserved 1048576K
}
Event: 40.863 GC heap before
{Heap before GC invocations=13 (full 0):
 garbage-first heap   total 81920K, used 38132K [0x0000000704200000, 0x0000000800000000)
  region size 2048K, 8 young (16384K), 2 survivors (4096K)
 Metaspace       used 59767K, committed 60416K, reserved 1114112K
  class space    used 7490K, committed 7808K, reserved 1048576K
}
Event: 40.866 GC heap after
{Heap after GC invocations=14 (full 0):
 garbage-first heap   total 81920K, used 30338K [0x0000000704200000, 0x0000000800000000)
  region size 2048K, 2 young (4096K), 2 survivors (4096K)
 Metaspace       used 59767K, committed 60416K, reserved 1114112K
  class space    used 7490K, committed 7808K, reserved 1048576K
}
Event: 288.113 GC heap before
{Heap before GC invocations=15 (full 0):
 garbage-first heap   total 81920K, used 63106K [0x0000000704200000, 0x0000000800000000)
  region size 2048K, 18 young (36864K), 2 survivors (4096K)
 Metaspace       used 61418K, committed 62080K, reserved 1114112K
  class space    used 7698K, committed 8000K, reserved 1048576K
}
Event: 288.116 GC heap after
{Heap after GC invocations=16 (full 0):
 garbage-first heap   total 81920K, used 31091K [0x0000000704200000, 0x0000000800000000)
  region size 2048K, 2 young (4096K), 2 survivors (4096K)
 Metaspace       used 61418K, committed 62080K, reserved 1114112K
  class space    used 7698K, committed 8000K, reserved 1048576K
}

